<?xml version="1.0" encoding="UTF-8"?>
<!-- Generated by org.testng.reporters.JUnitReportReporter -->
<testsuite hostname="VDI-054" name="sdsTests.SDSTest1" tests="1" failures="0" timestamp="20 Jun 2016 10:56:15 GMT" time="42.775" errors="0">
  <testcase name="SDSTESTManufacturerMenus" time="42.775" classname="sdsTests.SDSTest1"/>
</testsuite> <!-- sdsTests.SDSTest1 -->
